2017-04-21 01:42:29,838 [Worker-4] INFO  o.e.m.c.i.p.ProjectConfigurationManager - Collecting project info '/pom.xml' C:\Programas\workspace_SIDI\SIDI_P2_RMI\Practica2ChatRMI\pom.xml
2017-04-21 01:42:32,329 [Worker-4] INFO  o.e.m.c.i.l.LifecycleMappingFactory - Using org.eclipse.m2e.jdt.JarLifecycleMapping lifecycle mapping for MavenProject: es.ubu.lsi:Practica2ChatRMI:0.0.1-SNAPSHOT @ C:\Programas\workspace_SIDI\SIDI_P2_RMI\Practica2ChatRMI\pom.xml.
2017-04-21 01:42:33,113 [Worker-4] INFO  o.e.m.j.i.AbstractJavaProjectConfigurator - Adding source folder /Practica2ChatRMI/src/main/java
2017-04-21 01:42:33,122 [Worker-4] INFO  o.e.m.j.i.AbstractJavaProjectConfigurator - Adding source folder /Practica2ChatRMI/src/test/java
2017-04-21 01:42:33,751 [Worker-4] INFO  o.e.m.c.i.p.ProjectConfigurationManager - Imported and configured 1 project(s) in 3 sec
2017-04-21 01:42:34,661 [Worker-20] INFO  o.e.m.c.i.embedder.EclipseLogger - Using 'UTF-8' encoding to copy filtered resources.
2017-04-21 01:42:34,661 [Worker-20] INFO  o.e.m.c.i.embedder.EclipseLogger - skip non existing resourceDirectory C:\Programas\workspace_SIDI\SIDI_P2_RMI\Practica2ChatRMI\src\main\resources
2017-04-21 01:42:34,665 [Worker-20] INFO  o.e.m.c.i.embedder.EclipseLogger - Using 'UTF-8' encoding to copy filtered resources.
2017-04-21 01:42:34,665 [Worker-20] INFO  o.e.m.c.i.embedder.EclipseLogger - skip non existing resourceDirectory C:\Programas\workspace_SIDI\SIDI_P2_RMI\Practica2ChatRMI\src\test\resources
2017-04-21 01:42:58,352 [Worker-20] INFO  o.e.m.c.i.embedder.EclipseLogger - Using 'UTF-8' encoding to copy filtered resources.
2017-04-21 01:42:58,352 [Worker-20] INFO  o.e.m.c.i.embedder.EclipseLogger - skip non existing resourceDirectory C:\Programas\workspace_SIDI\SIDI_P2_RMI\Practica2ChatRMI\src\main\resources
2017-04-21 01:42:58,354 [Worker-20] INFO  o.e.m.c.i.embedder.EclipseLogger - Using 'UTF-8' encoding to copy filtered resources.
2017-04-21 01:42:58,354 [Worker-20] INFO  o.e.m.c.i.embedder.EclipseLogger - skip non existing resourceDirectory C:\Programas\workspace_SIDI\SIDI_P2_RMI\Practica2ChatRMI\src\test\resources
2017-04-21 01:43:41,859 [Worker-22] INFO  o.e.m.c.i.embedder.EclipseLogger - Using 'UTF-8' encoding to copy filtered resources.
2017-04-21 01:43:41,859 [Worker-22] INFO  o.e.m.c.i.embedder.EclipseLogger - skip non existing resourceDirectory C:\Programas\workspace_SIDI\SIDI_P2_RMI\Practica2ChatRMI\src\main\resources
2017-04-21 01:43:41,861 [Worker-22] INFO  o.e.m.c.i.embedder.EclipseLogger - Using 'UTF-8' encoding to copy filtered resources.
2017-04-21 01:43:41,865 [Worker-22] INFO  o.e.m.c.i.embedder.EclipseLogger - skip non existing resourceDirectory C:\Programas\workspace_SIDI\SIDI_P2_RMI\Practica2ChatRMI\src\test\resources
2017-04-21 01:44:18,095 [Worker-19] INFO  o.e.m.c.i.embedder.EclipseLogger - Using 'UTF-8' encoding to copy filtered resources.
2017-04-21 01:44:18,095 [Worker-19] INFO  o.e.m.c.i.embedder.EclipseLogger - skip non existing resourceDirectory C:\Programas\workspace_SIDI\SIDI_P2_RMI\Practica2ChatRMI\src\main\resources
2017-04-21 01:44:18,097 [Worker-19] INFO  o.e.m.c.i.embedder.EclipseLogger - Using 'UTF-8' encoding to copy filtered resources.
2017-04-21 01:44:18,104 [Worker-19] INFO  o.e.m.c.i.embedder.EclipseLogger - skip non existing resourceDirectory C:\Programas\workspace_SIDI\SIDI_P2_RMI\Practica2ChatRMI\src\test\resources
2017-04-21 01:44:19,436 [Worker-21] INFO  o.e.m.c.i.embedder.EclipseLogger - Using 'UTF-8' encoding to copy filtered resources.
2017-04-21 01:44:19,441 [Worker-21] INFO  o.e.m.c.i.embedder.EclipseLogger - skip non existing resourceDirectory C:\Programas\workspace_SIDI\SIDI_P2_RMI\Practica2ChatRMI\src\main\resources
2017-04-21 01:44:19,446 [Worker-21] INFO  o.e.m.c.i.embedder.EclipseLogger - Using 'UTF-8' encoding to copy filtered resources.
2017-04-21 01:44:19,450 [Worker-21] INFO  o.e.m.c.i.embedder.EclipseLogger - skip non existing resourceDirectory C:\Programas\workspace_SIDI\SIDI_P2_RMI\Practica2ChatRMI\src\test\resources
2017-04-21 01:52:04,210 [Worker-26] INFO  o.e.m.c.i.p.ProjectConfigurationManager - Collecting project info '/pom.xml' C:\Programas\workspace_SIDI\SIDI_P2_RMI\Practica2ChatRMI-Web\pom.xml
2017-04-21 01:52:04,421 [Worker-26] INFO  o.e.m.c.i.l.LifecycleMappingFactory - Using org.maven.ide.eclipse.wtp.WarLifecycleMapping lifecycle mapping for MavenProject: es.ubu.lsi:Practica2ChatRMI-Web:0.0.1-SNAPSHOT @ C:\Programas\workspace_SIDI\SIDI_P2_RMI\Practica2ChatRMI-Web\pom.xml.
2017-04-21 01:52:05,220 [Worker-26] INFO  o.e.m.j.i.AbstractJavaProjectConfigurator - Adding source folder /Practica2ChatRMI-Web/src/main/java
2017-04-21 01:52:05,225 [Worker-26] INFO  o.e.m.j.i.AbstractJavaProjectConfigurator - Adding source folder /Practica2ChatRMI-Web/src/test/java
2017-04-21 01:52:06,708 [Worker-26] INFO  o.e.m.c.i.p.ProjectConfigurationManager - Imported and configured 1 project(s) in 2 sec
2017-04-21 01:52:09,620 [Worker-29] INFO  o.e.m.c.i.embedder.EclipseLogger - Using 'UTF-8' encoding to copy filtered resources.
2017-04-21 01:52:09,620 [Worker-29] INFO  o.e.m.c.i.embedder.EclipseLogger - skip non existing resourceDirectory C:\Programas\workspace_SIDI\SIDI_P2_RMI\Practica2ChatRMI-Web\src\main\resources
2017-04-21 01:52:09,627 [Worker-29] INFO  o.e.m.c.i.embedder.EclipseLogger - Using 'UTF-8' encoding to copy filtered resources.
2017-04-21 01:52:09,627 [Worker-29] INFO  o.e.m.c.i.embedder.EclipseLogger - skip non existing resourceDirectory C:\Programas\workspace_SIDI\SIDI_P2_RMI\Practica2ChatRMI-Web\src\test\resources
2017-04-21 01:52:29,700 [Worker-23] INFO  o.e.m.c.i.embedder.EclipseLogger - Using 'UTF-8' encoding to copy filtered resources.
2017-04-21 01:52:29,701 [Worker-23] INFO  o.e.m.c.i.embedder.EclipseLogger - skip non existing resourceDirectory C:\Programas\workspace_SIDI\SIDI_P2_RMI\Practica2ChatRMI-Web\src\main\resources
2017-04-21 01:52:29,717 [Worker-23] INFO  o.e.m.c.i.embedder.EclipseLogger - Using 'UTF-8' encoding to copy filtered resources.
2017-04-21 01:52:29,724 [Worker-23] INFO  o.e.m.c.i.embedder.EclipseLogger - skip non existing resourceDirectory C:\Programas\workspace_SIDI\SIDI_P2_RMI\Practica2ChatRMI-Web\src\test\resources
2017-04-21 01:52:30,790 [Worker-33] INFO  o.e.m.c.i.embedder.EclipseLogger - Using 'UTF-8' encoding to copy filtered resources.
2017-04-21 01:52:30,791 [Worker-33] INFO  o.e.m.c.i.embedder.EclipseLogger - skip non existing resourceDirectory C:\Programas\workspace_SIDI\SIDI_P2_RMI\Practica2ChatRMI\src\main\resources
2017-04-21 01:52:30,862 [Worker-33] INFO  o.e.m.c.i.embedder.EclipseLogger - Using 'UTF-8' encoding to copy filtered resources.
2017-04-21 01:52:30,868 [Worker-33] INFO  o.e.m.c.i.embedder.EclipseLogger - skip non existing resourceDirectory C:\Programas\workspace_SIDI\SIDI_P2_RMI\Practica2ChatRMI\src\test\resources
2017-04-21 01:52:30,931 [Worker-33] INFO  o.e.m.c.i.embedder.EclipseLogger - Using 'UTF-8' encoding to copy filtered resources.
2017-04-21 01:52:30,931 [Worker-33] INFO  o.e.m.c.i.embedder.EclipseLogger - skip non existing resourceDirectory C:\Programas\workspace_SIDI\SIDI_P2_RMI\Practica2ChatRMI-Web\src\main\resources
2017-04-21 01:52:30,940 [Worker-33] INFO  o.e.m.c.i.embedder.EclipseLogger - Using 'UTF-8' encoding to copy filtered resources.
2017-04-21 01:52:30,940 [Worker-33] INFO  o.e.m.c.i.embedder.EclipseLogger - skip non existing resourceDirectory C:\Programas\workspace_SIDI\SIDI_P2_RMI\Practica2ChatRMI-Web\src\test\resources
2017-04-21 01:53:43,000 [Worker-25] INFO  o.e.m.c.i.embedder.EclipseLogger - Using 'UTF-8' encoding to copy filtered resources.
2017-04-21 01:53:43,001 [Worker-25] INFO  o.e.m.c.i.embedder.EclipseLogger - skip non existing resourceDirectory C:\Programas\workspace_SIDI\SIDI_P2_RMI\Practica2ChatRMI\src\main\resources
2017-04-21 01:53:43,008 [Worker-25] INFO  o.e.m.c.i.embedder.EclipseLogger - Using 'UTF-8' encoding to copy filtered resources.
2017-04-21 01:53:43,008 [Worker-25] INFO  o.e.m.c.i.embedder.EclipseLogger - skip non existing resourceDirectory C:\Programas\workspace_SIDI\SIDI_P2_RMI\Practica2ChatRMI\src\test\resources
2017-04-21 01:54:04,920 [Worker-30] INFO  o.e.m.c.i.embedder.EclipseLogger - Using 'UTF-8' encoding to copy filtered resources.
2017-04-21 01:54:04,920 [Worker-30] INFO  o.e.m.c.i.embedder.EclipseLogger - skip non existing resourceDirectory C:\Programas\workspace_SIDI\SIDI_P2_RMI\Practica2ChatRMI-Web\src\main\resources
2017-04-21 01:54:04,925 [Worker-30] INFO  o.e.m.c.i.embedder.EclipseLogger - Using 'UTF-8' encoding to copy filtered resources.
2017-04-21 01:54:04,931 [Worker-30] INFO  o.e.m.c.i.embedder.EclipseLogger - skip non existing resourceDirectory C:\Programas\workspace_SIDI\SIDI_P2_RMI\Practica2ChatRMI-Web\src\test\resources
2017-04-21 01:54:12,757 [Worker-26] INFO  o.e.m.c.i.embedder.EclipseLogger - Using 'UTF-8' encoding to copy filtered resources.
2017-04-21 01:54:12,758 [Worker-26] INFO  o.e.m.c.i.embedder.EclipseLogger - skip non existing resourceDirectory C:\Programas\workspace_SIDI\SIDI_P2_RMI\Practica2ChatRMI\src\main\resources
2017-04-21 01:54:12,765 [Worker-26] INFO  o.e.m.c.i.embedder.EclipseLogger - Using 'UTF-8' encoding to copy filtered resources.
2017-04-21 01:54:12,770 [Worker-26] INFO  o.e.m.c.i.embedder.EclipseLogger - skip non existing resourceDirectory C:\Programas\workspace_SIDI\SIDI_P2_RMI\Practica2ChatRMI\src\test\resources
2017-04-21 01:54:28,868 [Worker-26] INFO  o.e.m.c.i.embedder.EclipseLogger - Using 'UTF-8' encoding to copy filtered resources.
2017-04-21 01:54:28,868 [Worker-26] INFO  o.e.m.c.i.embedder.EclipseLogger - skip non existing resourceDirectory C:\Programas\workspace_SIDI\SIDI_P2_RMI\Practica2ChatRMI\src\main\resources
2017-04-21 01:54:28,877 [Worker-26] INFO  o.e.m.c.i.embedder.EclipseLogger - Using 'UTF-8' encoding to copy filtered resources.
2017-04-21 01:54:28,888 [Worker-26] INFO  o.e.m.c.i.embedder.EclipseLogger - skip non existing resourceDirectory C:\Programas\workspace_SIDI\SIDI_P2_RMI\Practica2ChatRMI\src\test\resources
2017-04-21 01:54:38,783 [Worker-32] INFO  o.e.m.c.i.embedder.EclipseLogger - Using 'UTF-8' encoding to copy filtered resources.
2017-04-21 01:54:38,783 [Worker-32] INFO  o.e.m.c.i.embedder.EclipseLogger - skip non existing resourceDirectory C:\Programas\workspace_SIDI\SIDI_P2_RMI\Practica2ChatRMI\src\main\resources
2017-04-21 01:54:38,797 [Worker-32] INFO  o.e.m.c.i.embedder.EclipseLogger - Using 'UTF-8' encoding to copy filtered resources.
2017-04-21 01:54:38,816 [Worker-32] INFO  o.e.m.c.i.embedder.EclipseLogger - skip non existing resourceDirectory C:\Programas\workspace_SIDI\SIDI_P2_RMI\Practica2ChatRMI\src\test\resources
2017-04-21 01:57:05,528 [Worker-30] INFO  o.e.m.c.i.embedder.EclipseLogger - Using 'UTF-8' encoding to copy filtered resources.
2017-04-21 01:57:05,528 [Worker-30] INFO  o.e.m.c.i.embedder.EclipseLogger - skip non existing resourceDirectory C:\Programas\workspace_SIDI\SIDI_P2_RMI\Practica2ChatRMI\src\main\resources
2017-04-21 01:57:05,536 [Worker-30] INFO  o.e.m.c.i.embedder.EclipseLogger - Using 'UTF-8' encoding to copy filtered resources.
2017-04-21 01:57:05,542 [Worker-30] INFO  o.e.m.c.i.embedder.EclipseLogger - skip non existing resourceDirectory C:\Programas\workspace_SIDI\SIDI_P2_RMI\Practica2ChatRMI\src\test\resources
2017-04-21 01:57:20,226 [Worker-38] INFO  o.e.m.c.i.embedder.EclipseLogger - Using 'UTF-8' encoding to copy filtered resources.
2017-04-21 01:57:20,227 [Worker-38] INFO  o.e.m.c.i.embedder.EclipseLogger - skip non existing resourceDirectory C:\Programas\workspace_SIDI\SIDI_P2_RMI\Practica2ChatRMI\src\main\resources
2017-04-21 01:57:20,234 [Worker-38] INFO  o.e.m.c.i.embedder.EclipseLogger - Using 'UTF-8' encoding to copy filtered resources.
2017-04-21 01:57:20,240 [Worker-38] INFO  o.e.m.c.i.embedder.EclipseLogger - skip non existing resourceDirectory C:\Programas\workspace_SIDI\SIDI_P2_RMI\Practica2ChatRMI\src\test\resources
2017-04-21 01:57:37,313 [Worker-37] INFO  o.e.m.c.i.embedder.EclipseLogger - Using 'UTF-8' encoding to copy filtered resources.
2017-04-21 01:57:37,313 [Worker-37] INFO  o.e.m.c.i.embedder.EclipseLogger - skip non existing resourceDirectory C:\Programas\workspace_SIDI\SIDI_P2_RMI\Practica2ChatRMI\src\main\resources
2017-04-21 01:57:37,318 [Worker-37] INFO  o.e.m.c.i.embedder.EclipseLogger - Using 'UTF-8' encoding to copy filtered resources.
2017-04-21 01:57:37,323 [Worker-37] INFO  o.e.m.c.i.embedder.EclipseLogger - skip non existing resourceDirectory C:\Programas\workspace_SIDI\SIDI_P2_RMI\Practica2ChatRMI\src\test\resources
2017-04-21 01:59:12,926 [Worker-35] INFO  o.e.m.c.i.embedder.EclipseLogger - Using 'UTF-8' encoding to copy filtered resources.
2017-04-21 01:59:12,927 [Worker-35] INFO  o.e.m.c.i.embedder.EclipseLogger - skip non existing resourceDirectory C:\Programas\workspace_SIDI\SIDI_P2_RMI\Practica2ChatRMI\src\main\resources
2017-04-21 01:59:12,936 [Worker-35] INFO  o.e.m.c.i.embedder.EclipseLogger - Using 'UTF-8' encoding to copy filtered resources.
2017-04-21 01:59:12,942 [Worker-35] INFO  o.e.m.c.i.embedder.EclipseLogger - skip non existing resourceDirectory C:\Programas\workspace_SIDI\SIDI_P2_RMI\Practica2ChatRMI\src\test\resources
2017-04-21 02:00:33,981 [Worker-30] INFO  o.e.m.c.i.embedder.EclipseLogger - Using 'UTF-8' encoding to copy filtered resources.
2017-04-21 02:00:33,981 [Worker-30] INFO  o.e.m.c.i.embedder.EclipseLogger - skip non existing resourceDirectory C:\Programas\workspace_SIDI\SIDI_P2_RMI\Practica2ChatRMI\src\main\resources
2017-04-21 02:00:33,989 [Worker-30] INFO  o.e.m.c.i.embedder.EclipseLogger - Using 'UTF-8' encoding to copy filtered resources.
2017-04-21 02:00:33,996 [Worker-30] INFO  o.e.m.c.i.embedder.EclipseLogger - skip non existing resourceDirectory C:\Programas\workspace_SIDI\SIDI_P2_RMI\Practica2ChatRMI\src\test\resources
2017-04-21 02:02:03,622 [Worker-30] INFO  o.e.m.c.i.embedder.EclipseLogger - Using 'UTF-8' encoding to copy filtered resources.
2017-04-21 02:02:03,622 [Worker-30] INFO  o.e.m.c.i.embedder.EclipseLogger - skip non existing resourceDirectory C:\Programas\workspace_SIDI\SIDI_P2_RMI\Practica2ChatRMI\src\main\resources
2017-04-21 02:02:03,629 [Worker-30] INFO  o.e.m.c.i.embedder.EclipseLogger - Using 'UTF-8' encoding to copy filtered resources.
2017-04-21 02:02:03,636 [Worker-30] INFO  o.e.m.c.i.embedder.EclipseLogger - skip non existing resourceDirectory C:\Programas\workspace_SIDI\SIDI_P2_RMI\Practica2ChatRMI\src\test\resources
2017-04-21 02:02:04,672 [Worker-29] INFO  o.e.m.c.i.embedder.EclipseLogger - Using 'UTF-8' encoding to copy filtered resources.
2017-04-21 02:02:04,673 [Worker-29] INFO  o.e.m.c.i.embedder.EclipseLogger - skip non existing resourceDirectory C:\Programas\workspace_SIDI\SIDI_P2_RMI\Practica2ChatRMI\src\main\resources
2017-04-21 02:02:04,680 [Worker-29] INFO  o.e.m.c.i.embedder.EclipseLogger - Using 'UTF-8' encoding to copy filtered resources.
2017-04-21 02:02:04,685 [Worker-29] INFO  o.e.m.c.i.embedder.EclipseLogger - skip non existing resourceDirectory C:\Programas\workspace_SIDI\SIDI_P2_RMI\Practica2ChatRMI\src\test\resources
2017-04-21 02:03:17,133 [Worker-42] INFO  o.e.m.c.i.embedder.EclipseLogger - Using 'UTF-8' encoding to copy filtered resources.
2017-04-21 02:03:17,134 [Worker-42] INFO  o.e.m.c.i.embedder.EclipseLogger - skip non existing resourceDirectory C:\Programas\workspace_SIDI\SIDI_P2_RMI\Practica2ChatRMI\src\main\resources
2017-04-21 02:03:17,140 [Worker-42] INFO  o.e.m.c.i.embedder.EclipseLogger - Using 'UTF-8' encoding to copy filtered resources.
2017-04-21 02:03:17,145 [Worker-42] INFO  o.e.m.c.i.embedder.EclipseLogger - skip non existing resourceDirectory C:\Programas\workspace_SIDI\SIDI_P2_RMI\Practica2ChatRMI\src\test\resources
2017-04-21 02:04:47,419 [Worker-41] INFO  o.e.m.c.i.embedder.EclipseLogger - Using 'UTF-8' encoding to copy filtered resources.
2017-04-21 02:04:47,419 [Worker-41] INFO  o.e.m.c.i.embedder.EclipseLogger - skip non existing resourceDirectory C:\Programas\workspace_SIDI\SIDI_P2_RMI\Practica2ChatRMI\src\main\resources
2017-04-21 02:04:47,429 [Worker-41] INFO  o.e.m.c.i.embedder.EclipseLogger - Using 'UTF-8' encoding to copy filtered resources.
2017-04-21 02:04:47,443 [Worker-41] INFO  o.e.m.c.i.embedder.EclipseLogger - skip non existing resourceDirectory C:\Programas\workspace_SIDI\SIDI_P2_RMI\Practica2ChatRMI\src\test\resources
2017-04-21 02:07:09,370 [Worker-44] INFO  o.e.m.c.i.embedder.EclipseLogger - Using 'UTF-8' encoding to copy filtered resources.
2017-04-21 02:07:09,370 [Worker-44] INFO  o.e.m.c.i.embedder.EclipseLogger - skip non existing resourceDirectory C:\Programas\workspace_SIDI\SIDI_P2_RMI\Practica2ChatRMI\src\main\resources
2017-04-21 02:07:09,377 [Worker-44] INFO  o.e.m.c.i.embedder.EclipseLogger - Using 'UTF-8' encoding to copy filtered resources.
2017-04-21 02:07:09,383 [Worker-44] INFO  o.e.m.c.i.embedder.EclipseLogger - skip non existing resourceDirectory C:\Programas\workspace_SIDI\SIDI_P2_RMI\Practica2ChatRMI\src\test\resources
2017-04-21 02:08:59,127 [Worker-48] INFO  o.e.m.c.i.embedder.EclipseLogger - Using 'UTF-8' encoding to copy filtered resources.
2017-04-21 02:08:59,127 [Worker-48] INFO  o.e.m.c.i.embedder.EclipseLogger - skip non existing resourceDirectory C:\Programas\workspace_SIDI\SIDI_P2_RMI\Practica2ChatRMI\src\main\resources
2017-04-21 02:08:59,135 [Worker-48] INFO  o.e.m.c.i.embedder.EclipseLogger - Using 'UTF-8' encoding to copy filtered resources.
2017-04-21 02:08:59,142 [Worker-48] INFO  o.e.m.c.i.embedder.EclipseLogger - skip non existing resourceDirectory C:\Programas\workspace_SIDI\SIDI_P2_RMI\Practica2ChatRMI\src\test\resources
2017-04-21 02:12:58,117 [Worker-51] INFO  o.e.m.c.i.embedder.EclipseLogger - Using 'UTF-8' encoding to copy filtered resources.
2017-04-21 02:12:58,117 [Worker-51] INFO  o.e.m.c.i.embedder.EclipseLogger - skip non existing resourceDirectory C:\Programas\workspace_SIDI\SIDI_P2_RMI\Practica2ChatRMI\src\main\resources
2017-04-21 02:12:58,125 [Worker-51] INFO  o.e.m.c.i.embedder.EclipseLogger - Using 'UTF-8' encoding to copy filtered resources.
2017-04-21 02:12:58,131 [Worker-51] INFO  o.e.m.c.i.embedder.EclipseLogger - skip non existing resourceDirectory C:\Programas\workspace_SIDI\SIDI_P2_RMI\Practica2ChatRMI\src\test\resources
2017-04-21 02:13:10,829 [Worker-55] INFO  o.e.m.c.i.embedder.EclipseLogger - Using 'UTF-8' encoding to copy filtered resources.
2017-04-21 02:13:10,829 [Worker-55] INFO  o.e.m.c.i.embedder.EclipseLogger - skip non existing resourceDirectory C:\Programas\workspace_SIDI\SIDI_P2_RMI\Practica2ChatRMI\src\main\resources
2017-04-21 02:13:10,836 [Worker-55] INFO  o.e.m.c.i.embedder.EclipseLogger - Using 'UTF-8' encoding to copy filtered resources.
2017-04-21 02:13:10,843 [Worker-55] INFO  o.e.m.c.i.embedder.EclipseLogger - skip non existing resourceDirectory C:\Programas\workspace_SIDI\SIDI_P2_RMI\Practica2ChatRMI\src\test\resources
2017-04-21 17:32:17,982 [Worker-2] INFO  o.e.m.c.i.embedder.EclipseLogger - Using 'UTF-8' encoding to copy filtered resources.
2017-04-21 17:32:17,986 [Worker-2] INFO  o.e.m.c.i.embedder.EclipseLogger - skip non existing resourceDirectory C:\Programas\workspace_SIDI\SIDI_P2_RMI\Practica2ChatRMI\src\main\resources
2017-04-21 17:32:17,989 [Worker-2] INFO  o.e.m.c.i.embedder.EclipseLogger - Using 'UTF-8' encoding to copy filtered resources.
2017-04-21 17:32:17,989 [Worker-2] INFO  o.e.m.c.i.embedder.EclipseLogger - skip non existing resourceDirectory C:\Programas\workspace_SIDI\SIDI_P2_RMI\Practica2ChatRMI\src\test\resources
2017-04-21 17:32:25,877 [Worker-2] INFO  o.e.m.c.i.embedder.EclipseLogger - Using 'UTF-8' encoding to copy filtered resources.
2017-04-21 17:32:25,877 [Worker-2] INFO  o.e.m.c.i.embedder.EclipseLogger - skip non existing resourceDirectory C:\Programas\workspace_SIDI\SIDI_P2_RMI\Practica2ChatRMI-Web\src\main\resources
2017-04-21 17:32:25,880 [Worker-2] INFO  o.e.m.c.i.embedder.EclipseLogger - Using 'UTF-8' encoding to copy filtered resources.
2017-04-21 17:32:25,880 [Worker-2] INFO  o.e.m.c.i.embedder.EclipseLogger - skip non existing resourceDirectory C:\Programas\workspace_SIDI\SIDI_P2_RMI\Practica2ChatRMI-Web\src\test\resources
2017-04-24 17:50:02,156 [Worker-4] INFO  o.e.m.c.i.embedder.EclipseLogger - Using 'UTF-8' encoding to copy filtered resources.
2017-04-24 17:50:02,160 [Worker-4] INFO  o.e.m.c.i.embedder.EclipseLogger - skip non existing resourceDirectory C:\Programas\workspace_SIDI\SIDI_P2_RMI\Practica2ChatRMI\src\main\resources
2017-04-24 17:50:02,163 [Worker-4] INFO  o.e.m.c.i.embedder.EclipseLogger - Using 'UTF-8' encoding to copy filtered resources.
2017-04-24 17:50:02,164 [Worker-4] INFO  o.e.m.c.i.embedder.EclipseLogger - skip non existing resourceDirectory C:\Programas\workspace_SIDI\SIDI_P2_RMI\Practica2ChatRMI\src\test\resources
2017-04-24 17:50:12,626 [Worker-3] INFO  o.e.m.c.i.embedder.EclipseLogger - Using 'UTF-8' encoding to copy filtered resources.
2017-04-24 17:50:12,627 [Worker-3] INFO  o.e.m.c.i.embedder.EclipseLogger - skip non existing resourceDirectory C:\Programas\workspace_SIDI\SIDI_P2_RMI\Practica2ChatRMI-Web\src\main\resources
2017-04-24 17:50:12,629 [Worker-3] INFO  o.e.m.c.i.embedder.EclipseLogger - Using 'UTF-8' encoding to copy filtered resources.
2017-04-24 17:50:12,629 [Worker-3] INFO  o.e.m.c.i.embedder.EclipseLogger - skip non existing resourceDirectory C:\Programas\workspace_SIDI\SIDI_P2_RMI\Practica2ChatRMI-Web\src\test\resources
2017-04-24 19:08:37,747 [Worker-34] INFO  o.e.m.c.i.l.LifecycleMappingFactory - Using org.eclipse.m2e.jdt.JarLifecycleMapping lifecycle mapping for MavenProject: es.ubu.lsi:Practica2ChatRMI:0.0.1-SNAPSHOT @ C:\Programas\workspace_SIDI\SIDI_P2_RMI\ZZ_Practica2ChatRMI\pom.xml.
2017-04-24 19:08:38,309 [Worker-34] INFO  o.e.m.c.i.embedder.EclipseLogger - Using 'UTF-8' encoding to copy filtered resources.
2017-04-24 19:08:38,309 [Worker-34] INFO  o.e.m.c.i.embedder.EclipseLogger - skip non existing resourceDirectory C:\Programas\workspace_SIDI\SIDI_P2_RMI\ZZ_Practica2ChatRMI\src\main\resources
2017-04-24 19:08:38,309 [Worker-34] INFO  o.e.m.c.i.embedder.EclipseLogger - Using 'UTF-8' encoding to copy filtered resources.
2017-04-24 19:08:38,309 [Worker-34] INFO  o.e.m.c.i.embedder.EclipseLogger - skip non existing resourceDirectory C:\Programas\workspace_SIDI\SIDI_P2_RMI\ZZ_Practica2ChatRMI\src\test\resources
2017-04-24 19:08:38,789 [Worker-34] INFO  o.e.m.c.i.embedder.EclipseLogger - Using 'UTF-8' encoding to copy filtered resources.
2017-04-24 19:08:38,789 [Worker-34] INFO  o.e.m.c.i.embedder.EclipseLogger - skip non existing resourceDirectory C:\Programas\workspace_SIDI\SIDI_P2_RMI\ZZ_Practica2ChatRMI\src\main\resources
2017-04-24 19:08:38,789 [Worker-34] INFO  o.e.m.c.i.embedder.EclipseLogger - Using 'UTF-8' encoding to copy filtered resources.
2017-04-24 19:08:38,805 [Worker-34] INFO  o.e.m.c.i.embedder.EclipseLogger - skip non existing resourceDirectory C:\Programas\workspace_SIDI\SIDI_P2_RMI\ZZ_Practica2ChatRMI\src\test\resources
2017-04-24 19:08:39,164 [Worker-34] INFO  o.e.m.c.i.l.LifecycleMappingFactory - Using org.maven.ide.eclipse.wtp.WarLifecycleMapping lifecycle mapping for MavenProject: es.ubu.lsi:Practica2ChatRMI-Web:0.0.1-SNAPSHOT @ C:\Programas\workspace_SIDI\SIDI_P2_RMI\ZZ_Practica2ChatRMI-Web\pom.xml.
2017-04-24 19:08:39,367 [Worker-34] INFO  o.e.m.c.i.embedder.EclipseLogger - Using 'UTF-8' encoding to copy filtered resources.
2017-04-24 19:08:39,367 [Worker-34] INFO  o.e.m.c.i.embedder.EclipseLogger - skip non existing resourceDirectory C:\Programas\workspace_SIDI\SIDI_P2_RMI\ZZ_Practica2ChatRMI-Web\src\main\resources
2017-04-24 19:08:39,383 [Worker-34] INFO  o.e.m.c.i.embedder.EclipseLogger - Using 'UTF-8' encoding to copy filtered resources.
2017-04-24 19:08:39,383 [Worker-34] INFO  o.e.m.c.i.embedder.EclipseLogger - skip non existing resourceDirectory C:\Programas\workspace_SIDI\SIDI_P2_RMI\ZZ_Practica2ChatRMI-Web\src\test\resources
2017-04-24 19:24:58,437 [Worker-49] INFO  o.e.m.c.i.e.AbstractTransferListenerAdapter - Downloading https://repo.maven.apache.org/maven2/org/apache/maven/plugins/maven-jar-plugin/2.6/maven-jar-plugin-2.6.jar
2017-04-24 19:24:58,605 [Worker-49] INFO  o.e.m.c.i.e.AbstractTransferListenerAdapter - Downloaded https://repo.maven.apache.org/maven2/org/apache/maven/plugins/maven-jar-plugin/2.6/maven-jar-plugin-2.6.jar
2017-04-24 19:24:58,761 [Worker-49] INFO  o.e.m.c.i.l.LifecycleMappingFactory - Using org.eclipse.m2e.jdt.JarLifecycleMapping lifecycle mapping for MavenProject: es.ubu.lsi:Practica2ChatRMI:0.0.1-SNAPSHOT @ C:\Programas\workspace_SIDI\SIDI_P2_RMI\Practica2ChatRMI\pom.xml.
2017-04-24 19:24:58,933 [Worker-49] INFO  o.e.m.c.i.e.AbstractTransferListenerAdapter - Downloading https://repo.maven.apache.org/maven2/org/apache/maven/plugins/maven-jar-plugin/2.6/maven-jar-plugin-2.6.pom
2017-04-24 19:24:59,013 [Worker-49] INFO  o.e.m.c.i.e.AbstractTransferListenerAdapter - Downloaded https://repo.maven.apache.org/maven2/org/apache/maven/plugins/maven-jar-plugin/2.6/maven-jar-plugin-2.6.pom
2017-04-24 19:24:59,044 [Worker-49] INFO  o.e.m.c.i.embedder.EclipseLogger - Using 'UTF-8' encoding to copy filtered resources.
2017-04-24 19:24:59,044 [Worker-49] INFO  o.e.m.c.i.embedder.EclipseLogger - skip non existing resourceDirectory C:\Programas\workspace_SIDI\SIDI_P2_RMI\Practica2ChatRMI\src\main\resources
2017-04-24 19:24:59,044 [Worker-49] INFO  o.e.m.c.i.embedder.EclipseLogger - Using 'UTF-8' encoding to copy filtered resources.
2017-04-24 19:24:59,044 [Worker-49] INFO  o.e.m.c.i.embedder.EclipseLogger - skip non existing resourceDirectory C:\Programas\workspace_SIDI\SIDI_P2_RMI\Practica2ChatRMI\src\test\resources
2017-04-24 19:24:59,547 [Worker-49] INFO  o.e.m.c.i.e.AbstractTransferListenerAdapter - Downloading https://repo.maven.apache.org/maven2/org/codehaus/plexus/plexus-io/2.4/plexus-io-2.4.jar
2017-04-24 19:24:59,790 [Worker-49] INFO  o.e.m.c.i.e.AbstractTransferListenerAdapter - Downloaded https://repo.maven.apache.org/maven2/org/codehaus/plexus/plexus-io/2.4/plexus-io-2.4.jar
2017-04-24 19:25:03,387 [Worker-47] INFO  o.e.m.c.i.l.LifecycleMappingFactory - Using org.eclipse.m2e.jdt.JarLifecycleMapping lifecycle mapping for MavenProject: es.ubu.lsi:Practica2ChatRMI:0.0.1-SNAPSHOT @ C:\Programas\workspace_SIDI\SIDI_P2_RMI\Practica2ChatRMI\pom.xml.
2017-04-24 19:25:03,450 [Worker-47] INFO  o.e.m.c.i.embedder.EclipseLogger - Using 'UTF-8' encoding to copy filtered resources.
2017-04-24 19:25:03,450 [Worker-47] INFO  o.e.m.c.i.embedder.EclipseLogger - skip non existing resourceDirectory C:\Programas\workspace_SIDI\SIDI_P2_RMI\Practica2ChatRMI\src\main\resources
2017-04-24 19:25:03,466 [Worker-47] INFO  o.e.m.c.i.embedder.EclipseLogger - Using 'UTF-8' encoding to copy filtered resources.
2017-04-24 19:25:03,466 [Worker-47] INFO  o.e.m.c.i.embedder.EclipseLogger - skip non existing resourceDirectory C:\Programas\workspace_SIDI\SIDI_P2_RMI\Practica2ChatRMI\src\test\resources
2017-04-24 19:25:14,644 [Worker-47] INFO  o.e.m.c.i.l.LifecycleMappingFactory - Using org.eclipse.m2e.jdt.JarLifecycleMapping lifecycle mapping for MavenProject: es.ubu.lsi:Practica2ChatRMI:0.0.1-SNAPSHOT @ C:\Programas\workspace_SIDI\SIDI_P2_RMI\Practica2ChatRMI\pom.xml.
2017-04-24 19:25:14,707 [Worker-47] INFO  o.e.m.c.i.embedder.EclipseLogger - Using 'UTF-8' encoding to copy filtered resources.
2017-04-24 19:25:14,707 [Worker-47] INFO  o.e.m.c.i.embedder.EclipseLogger - skip non existing resourceDirectory C:\Programas\workspace_SIDI\SIDI_P2_RMI\Practica2ChatRMI\src\main\resources
2017-04-24 19:25:14,707 [Worker-47] INFO  o.e.m.c.i.embedder.EclipseLogger - Using 'UTF-8' encoding to copy filtered resources.
2017-04-24 19:25:14,722 [Worker-47] INFO  o.e.m.c.i.embedder.EclipseLogger - skip non existing resourceDirectory C:\Programas\workspace_SIDI\SIDI_P2_RMI\Practica2ChatRMI\src\test\resources
